<?xml version="1.0" encoding="UTF-8"?>
<!-- Generated by org.testng.reporters.JUnitReportReporter -->
<testsuite skipped="0" hostname="DESKTOP-8M33V3I" name="MagentoTest" tests="1" failures="0" timestamp="21 Jan 2019 10:32:56 GMT" time="39.312" errors="0">
  <testcase name="magento" time="39.312" classname="MagentoTest"/>
</testsuite> <!-- MagentoTest -->
